SF:/Users/mattiapispisa/Programmazione/dart_flutter/my_projects/file_uploader/plugins/http_file_uploader/lib/src/chunked_file_handler.dart
DA:14,1
DA:28,1
DA:33,1
DA:34,1
DA:35,1
DA:36,1
DA:38,1
DA:39,2
DA:42,2
LF:9
LH:9
end_of_record
SF:/Users/mattiapispisa/Programmazione/dart_flutter/my_projects/file_uploader/plugins/http_file_uploader/lib/src/file_handler.dart
DA:11,1
DA:23,1
DA:27,4
DA:29,1
DA:30,1
DA:31,1
DA:32,1
DA:34,1
DA:35,1
DA:38,2
LF:10
LH:10
end_of_record
SF:/Users/mattiapispisa/Programmazione/dart_flutter/my_projects/file_uploader/plugins/http_file_uploader/lib/src/restorable_chunked_file_handler.dart
DA:16,1
DA:40,1
DA:42,1
DA:43,1
DA:44,1
DA:45,1
DA:46,1
DA:47,1
DA:49,2
DA:52,1
DA:58,1
DA:59,1
DA:60,1
DA:61,2
DA:63,1
DA:64,2
DA:67,2
DA:70,1
DA:74,1
DA:75,1
DA:76,1
DA:77,2
DA:78,1
DA:79,1
DA:81,2
LF:25
LH:25
end_of_record
SF:/Users/mattiapispisa/Programmazione/dart_flutter/my_projects/file_uploader/plugins/http_file_uploader/lib/src/http_ext.dart
DA:18,1
DA:24,2
DA:26,2
DA:29,1
DA:32,2
DA:37,1
DA:45,1
DA:46,1
DA:49,2
DA:52,2
DA:53,1
DA:55,4
DA:56,3
DA:60,3
DA:61,1
DA:62,1
DA:63,2
DA:64,1
DA:69,1
DA:71,2
DA:72,1
DA:73,2
DA:74,1
DA:77,1
DA:80,1
DA:81,1
DA:85,1
DA:86,1
DA:88,1
DA:89,1
DA:90,1
DA:91,1
DA:92,1
DA:93,1
LF:34
LH:34
end_of_record
