SF:/Users/mattiapispisa/Programmazione/dart_flutter/my_projects/file_uploader/en_file_uploader/lib/src/handler/i_file_upload_handler.dart
DA:10,3
LF:1
LH:1
end_of_record
SF:/Users/mattiapispisa/Programmazione/dart_flutter/my_projects/file_uploader/en_file_uploader/lib/src/controller/_file_upload_controller.dart
DA:4,1
DA:9,1
DA:14,1
DA:18,1
DA:19,1
DA:20,3
DA:22,2
DA:24,1
DA:25,1
DA:27,1
DA:28,2
DA:29,1
DA:33,1
DA:37,1
DA:38,1
DA:39,3
DA:41,2
DA:43,1
DA:44,1
DA:46,1
DA:47,2
DA:48,1
LF:22
LH:22
end_of_record
SF:/Users/mattiapispisa/Programmazione/dart_flutter/my_projects/file_uploader/en_file_uploader/lib/src/controller/_restorable_chunked_file_upload_controller.dart
DA:4,1
DA:9,1
DA:15,1
DA:19,1
DA:20,1
DA:22,3
DA:23,3
DA:26,1
DA:27,2
DA:28,2
DA:29,1
DA:30,1
DA:32,2
DA:33,1
DA:35,1
DA:36,1
DA:37,1
DA:43,1
DA:44,1
DA:46,1
DA:47,2
DA:48,2
DA:52,1
DA:56,1
DA:57,1
DA:60,3
DA:61,3
DA:63,3
DA:64,4
DA:65,2
DA:68,1
DA:69,2
DA:70,2
DA:71,1
DA:72,1
DA:73,1
DA:75,2
DA:76,1
DA:78,1
DA:79,1
DA:80,1
DA:86,1
DA:87,1
DA:89,1
DA:90,2
DA:91,2
LF:46
LH:46
end_of_record
SF:/Users/mattiapispisa/Programmazione/dart_flutter/my_projects/file_uploader/en_file_uploader/lib/src/controller/file_upload_controller.dart
DA:62,4
DA:66,4
DA:67,1
DA:69,3
DA:70,1
DA:72,2
DA:73,1
DA:79,1
DA:82,3
DA:88,6
DA:91,6
DA:94,3
DA:95,3
DA:116,2
DA:123,2
DA:126,2
DA:128,2
DA:130,4
DA:132,4
DA:135,2
DA:136,6
DA:138,2
DA:139,4
DA:140,2
DA:142,2
DA:146,2
DA:147,2
DA:149,2
DA:150,2
DA:161,2
DA:162,2
DA:163,4
DA:164,2
DA:165,2
LF:34
LH:34
end_of_record
SF:/Users/mattiapispisa/Programmazione/dart_flutter/my_projects/file_uploader/en_file_uploader/lib/src/controller/_chunked_file_upload_controller.dart
DA:4,1
DA:9,1
DA:14,1
DA:18,1
DA:19,1
DA:21,3
DA:24,1
DA:25,2
DA:26,2
DA:27,1
DA:28,1
DA:30,2
DA:32,1
DA:33,1
DA:34,1
DA:40,1
DA:41,1
DA:43,1
DA:44,2
DA:45,1
DA:49,1
DA:53,1
DA:54,1
DA:56,3
DA:59,1
DA:60,2
DA:61,2
DA:62,1
DA:63,1
DA:65,2
DA:67,1
DA:68,1
DA:69,1
DA:75,1
DA:76,1
DA:78,1
DA:79,2
DA:80,1
LF:38
LH:38
end_of_record
SF:/Users/mattiapispisa/Programmazione/dart_flutter/my_projects/file_uploader/en_file_uploader/lib/src/config.dart
DA:6,2
DA:13,6
DA:17,2
DA:18,4
DA:21,6
LF:5
LH:5
end_of_record
SF:/Users/mattiapispisa/Programmazione/dart_flutter/my_projects/file_uploader/en_file_uploader/lib/src/exception/exception.dart
DA:9,2
DA:11,2
DA:16,1
DA:18,3
DA:25,7
DA:27,1
LF:6
LH:6
end_of_record
SF:/Users/mattiapispisa/Programmazione/dart_flutter/my_projects/file_uploader/en_file_uploader/lib/src/entity/file_chunk.dart
DA:6,2
LF:1
LH:1
end_of_record
SF:/Users/mattiapispisa/Programmazione/dart_flutter/my_projects/file_uploader/en_file_uploader/lib/src/entity/file_upload_presentation_response.dart
DA:4,1
LF:1
LH:1
end_of_record
SF:/Users/mattiapispisa/Programmazione/dart_flutter/my_projects/file_uploader/en_file_uploader/lib/src/entity/file_upload_result.dart
DA:6,3
LF:1
LH:1
end_of_record
SF:/Users/mattiapispisa/Programmazione/dart_flutter/my_projects/file_uploader/en_file_uploader/lib/src/entity/file_upload_status_response.dart
DA:4,2
LF:1
LH:1
end_of_record
SF:/Users/mattiapispisa/Programmazione/dart_flutter/my_projects/file_uploader/en_file_uploader/lib/src/handler/chunked_file_upload_handler.dart
DA:9,1
LF:1
LH:1
end_of_record
SF:/Users/mattiapispisa/Programmazione/dart_flutter/my_projects/file_uploader/en_file_uploader/lib/src/handler/file_upload_handler.dart
DA:6,1
LF:1
LH:1
end_of_record
SF:/Users/mattiapispisa/Programmazione/dart_flutter/my_projects/file_uploader/en_file_uploader/lib/src/handler/restorable_chunked_file_upload_handler.dart
DA:11,1
LF:1
LH:1
end_of_record
