SF:/Users/mattiapispisa/Programmazione/dart_flutter/my_projects/file_uploader/tools/file_uploader_socket_interfaces/lib/src/default.dart
DA:17,1
LF:1
LH:1
end_of_record
SF:/Users/mattiapispisa/Programmazione/dart_flutter/my_projects/file_uploader/tools/file_uploader_socket_interfaces/lib/src/handler/file_handler.dart
DA:9,1
LF:1
LH:1
end_of_record
SF:/Users/mattiapispisa/Programmazione/dart_flutter/my_projects/file_uploader/tools/file_uploader_socket_interfaces/lib/src/handler/chunked_file_handler.dart
DA:13,1
LF:1
LH:1
end_of_record
SF:/Users/mattiapispisa/Programmazione/dart_flutter/my_projects/file_uploader/tools/file_uploader_socket_interfaces/lib/src/handler/restorable_chunked_file_handler.dart
DA:11,1
LF:1
LH:1
end_of_record
